# JRE version: OpenJDK Runtime Environment (21.0.9) (build 21.0.9+-14787801-b1163.94)
# Java VM: OpenJDK 64-Bit Server VM (21.0.9+-14787801-b1163.94, mixed mode, tiered, compressed oops, compressed class ptrs, g1 gc, windows-amd64)
GC Precious Log:
 CardTable entry size: 512
 Card Set container configuration: InlinePtr #cards 5 size 8 Array Of Cards #cards 12 size 40 Howl #buckets 4 coarsen threshold 1843 Howl Bitmap #cards 512 size 80 coarsen threshold 460 Card regions per heap region 1 cards per card region 2048
 CPUs: 8 total, 8 available
 Memory: 12093M
 Large Page Support: Disabled
 NUMA Support: Disabled
 Compressed Oops: Enabled (32-bit)
 Heap Region Size: 1M
 Heap Min Capacity: 8M
 Heap Initial Capacity: 190M
 Heap Max Capacity: 2G
 Pre-touch: Disabled
 Parallel Workers: 8
 Concurrent Workers: 2
 Concurrent Refinement Workers: 8
 Periodic GC: Disabled
Heap:
 garbage-first heap   total 112640K, used 85570K [0x0000000080000000, 0x0000000100000000)
  region size 1024K, 36 young (36864K), 3 survivors (3072K)
 Metaspace       used 71528K, committed 73472K, reserved 1114112K
  class space    used 10197K, committed 11136K, reserved 1048576K
GC Heap History (20 events):
Event: 5.303 GC heap before
{Heap before GC invocations=11 (full 0):
 garbage-first heap   total 75776K, used 66931K [0x0000000080000000, 0x0000000100000000)
  region size 1024K, 40 young (40960K), 5 survivors (5120K)
 Metaspace       used 50916K, committed 52352K, reserved 1114112K
  class space    used 7087K, committed 7744K, reserved 1048576K
}
Event: 5.310 GC heap after
{Heap after GC invocations=12 (full 0):
 garbage-first heap   total 76800K, used 34949K [0x0000000080000000, 0x0000000100000000)
  region size 1024K, 5 young (5120K), 5 survivors (5120K)
 Metaspace       used 50916K, committed 52352K, reserved 1114112K
  class space    used 7087K, committed 7744K, reserved 1048576K
}
Event: 5.669 GC heap before
{Heap before GC invocations=12 (full 0):
 garbage-first heap   total 76800K, used 65669K [0x0000000080000000, 0x0000000100000000)
  region size 1024K, 36 young (36864K), 5 survivors (5120K)
 Metaspace       used 54723K, committed 56256K, reserved 1114112K
  class space    used 7729K, committed 8448K, reserved 1048576K
}
Event: 5.674 GC heap after
{Heap after GC invocations=13 (full 0):
 garbage-first heap   total 92160K, used 37079K [0x0000000080000000, 0x0000000100000000)
  region size 1024K, 3 young (3072K), 3 survivors (3072K)
 Metaspace       used 54723K, committed 56256K, reserved 1114112K
  class space    used 7729K, committed 8448K, reserved 1048576K
}
Event: 6.190 GC heap before
{Heap before GC invocations=13 (full 0):
 garbage-first heap   total 92160K, used 83159K [0x0000000080000000, 0x0000000100000000)
  region size 1024K, 47 young (48128K), 3 survivors (3072K)
 Metaspace       used 56554K, committed 58176K, reserved 1114112K
  class space    used 8002K, committed 8768K, reserved 1048576K
}
Event: 6.194 GC heap after
{Heap after GC invocations=14 (full 0):
 garbage-first heap   total 92160K, used 42690K [0x0000000080000000, 0x0000000100000000)
  region size 1024K, 6 young (6144K), 6 survivors (6144K)
 Metaspace       used 56554K, committed 58176K, reserved 1114112K
  class space    used 8002K, committed 8768K, reserved 1048576K
}
Event: 6.419 GC heap before
{Heap before GC invocations=14 (full 0):
 garbage-first heap   total 92160K, used 78530K [0x0000000080000000, 0x0000000100000000)
  region size 1024K, 42 young (43008K), 6 survivors (6144K)
 Metaspace       used 58513K, committed 60160K, reserved 1114112K
  class space    used 8317K, committed 9088K, reserved 1048576K
}
Event: 6.424 GC heap after
{Heap after GC invocations=15 (full 0):
 garbage-first heap   total 92160K, used 43952K [0x0000000080000000, 0x0000000100000000)
  region size 1024K, 2 young (2048K), 2 survivors (2048K)
 Metaspace       used 58513K, committed 60160K, reserved 1114112K
  class space    used 8317K, committed 9088K, reserved 1048576K
}
Event: 6.901 GC heap before
{Heap before GC invocations=16 (full 0):
 garbage-first heap   total 92160K, used 82864K [0x0000000080000000, 0x0000000100000000)
  region size 1024K, 40 young (40960K), 2 survivors (2048K)
 Metaspace       used 63304K, committed 65088K, reserved 1114112K
  class space    used 9020K, committed 9856K, reserved 1048576K
}
Event: 6.905 GC heap after
{Heap after GC invocations=17 (full 0):
 garbage-first heap   total 92160K, used 45126K [0x0000000080000000, 0x0000000100000000)
  region size 1024K, 3 young (3072K), 3 survivors (3072K)
 Metaspace       used 63304K, committed 65088K, reserved 1114112K
  class space    used 9020K, committed 9856K, reserved 1048576K
}
Event: 7.352 GC heap before
{Heap before GC invocations=17 (full 0):
 garbage-first heap   total 92160K, used 84038K [0x0000000080000000, 0x0000000100000000)
  region size 1024K, 41 young (41984K), 3 survivors (3072K)
 Metaspace       used 68555K, committed 70464K, reserved 1114112K
  class space    used 9830K, committed 10752K, reserved 1048576K
}
Event: 7.358 GC heap after
{Heap after GC invocations=18 (full 0):
 garbage-first heap   total 92160K, used 46787K [0x0000000080000000, 0x0000000100000000)
  region size 1024K, 5 young (5120K), 5 survivors (5120K)
 Metaspace       used 68555K, committed 70464K, reserved 1114112K
  class space    used 9830K, committed 10752K, reserved 1048576K
}
Event: 7.980 GC heap before
{Heap before GC invocations=18 (full 0):
 garbage-first heap   total 92160K, used 83651K [0x0000000080000000, 0x0000000100000000)
  region size 1024K, 41 young (41984K), 5 survivors (5120K)
 Metaspace       used 71047K, committed 73024K, reserved 1114112K
  class space    used 10197K, committed 11136K, reserved 1048576K
}
Event: 7.987 GC heap after
{Heap after GC invocations=19 (full 0):
 garbage-first heap   total 93184K, used 50341K [0x0000000080000000, 0x0000000100000000)
  region size 1024K, 6 young (6144K), 6 survivors (6144K)
 Metaspace       used 71047K, committed 73024K, reserved 1114112K
  class space    used 10197K, committed 11136K, reserved 1048576K
}
Event: 8.177 GC heap before
{Heap before GC invocations=20 (full 0):
 garbage-first heap   total 93184K, used 84133K [0x0000000080000000, 0x0000000100000000)
  region size 1024K, 40 young (40960K), 6 survivors (6144K)
 Metaspace       used 71171K, committed 73152K, reserved 1114112K
  class space    used 10197K, committed 11136K, reserved 1048576K
}
Event: 8.182 GC heap after
{Heap after GC invocations=21 (full 0):
 garbage-first heap   total 93184K, used 51430K [0x0000000080000000, 0x0000000100000000)
  region size 1024K, 2 young (2048K), 2 survivors (2048K)
 Metaspace       used 71171K, committed 73152K, reserved 1114112K
  class space    used 10197K, committed 11136K, reserved 1048576K
}
Event: 8.302 GC heap before
{Heap before GC invocations=21 (full 0):
 garbage-first heap   total 93184K, used 86246K [0x0000000080000000, 0x0000000100000000)
  region size 1024K, 36 young (36864K), 2 survivors (2048K)
 Metaspace       used 71323K, committed 73280K, reserved 1114112K
  class space    used 10197K, committed 11136K, reserved 1048576K
}
Event: 8.305 GC heap after
{Heap after GC invocations=22 (full 0):
 garbage-first heap   total 112640K, used 52091K [0x0000000080000000, 0x0000000100000000)
  region size 1024K, 2 young (2048K), 2 survivors (2048K)
 Metaspace       used 71323K, committed 73280K, reserved 1114112K
  class space    used 10197K, committed 11136K, reserved 1048576K
}
Event: 8.462 GC heap before
{Heap before GC invocations=22 (full 0):
 garbage-first heap   total 112640K, used 102267K [0x0000000080000000, 0x0000000100000000)
  region size 1024K, 52 young (53248K), 2 survivors (2048K)
 Metaspace       used 71429K, committed 73408K, reserved 1114112K
  class space    used 10197K, committed 11136K, reserved 1048576K
}
Event: 8.465 GC heap after
{Heap after GC invocations=23 (full 0):
 garbage-first heap   total 112640K, used 52802K [0x0000000080000000, 0x0000000100000000)
  region size 1024K, 3 young (3072K), 3 survivors (3072K)
 Metaspace       used 71429K, committed 73408K, reserved 1114112K
  class space    used 10197K, committed 11136K, reserved 1048576K
}

