# JRE version: OpenJDK Runtime Environment (21.0.9) (build 21.0.9+-14787801-b1163.94)
# Java VM: OpenJDK 64-Bit Server VM (21.0.9+-14787801-b1163.94, mixed mode, tiered, compressed oops, compressed class ptrs, g1 gc, windows-amd64)
GC Precious Log:
 CardTable entry size: 512
 Card Set container configuration: InlinePtr #cards 5 size 8 Array Of Cards #cards 12 size 40 Howl #buckets 4 coarsen threshold 1843 Howl Bitmap #cards 512 size 80 coarsen threshold 460 Card regions per heap region 1 cards per card region 2048
 CPUs: 8 total, 8 available
 Memory: 12093M
 Large Page Support: Disabled
 NUMA Support: Disabled
 Compressed Oops: Enabled (32-bit)
 Heap Region Size: 1M
 Heap Min Capacity: 8M
 Heap Initial Capacity: 190M
 Heap Max Capacity: 2G
 Pre-touch: Disabled
 Parallel Workers: 8
 Concurrent Workers: 2
 Concurrent Refinement Workers: 8
 Periodic GC: Disabled
Heap:
 garbage-first heap   total 133120K, used 96136K [0x0000000080000000, 0x0000000100000000)
  region size 1024K, 20 young (20480K), 2 survivors (2048K)
 Metaspace       used 73399K, committed 75264K, reserved 1114112K
  class space    used 10452K, committed 11328K, reserved 1048576K
GC Heap History (20 events):
Event: 5.570 GC heap before
{Heap before GC invocations=11 (full 0):
 garbage-first heap   total 99328K, used 85219K [0x0000000080000000, 0x0000000100000000)
  region size 1024K, 31 young (31744K), 2 survivors (2048K)
 Metaspace       used 47323K, committed 48704K, reserved 1114112K
  class space    used 6686K, committed 7360K, reserved 1048576K
}
Event: 5.574 GC heap after
{Heap after GC invocations=12 (full 0):
 garbage-first heap   total 99328K, used 57383K [0x0000000080000000, 0x0000000100000000)
  region size 1024K, 4 young (4096K), 4 survivors (4096K)
 Metaspace       used 47323K, committed 48704K, reserved 1114112K
  class space    used 6686K, committed 7360K, reserved 1048576K
}
Event: 6.206 GC heap before
{Heap before GC invocations=13 (full 0):
 garbage-first heap   total 99328K, used 86055K [0x0000000080000000, 0x0000000100000000)
  region size 1024K, 33 young (33792K), 4 survivors (4096K)
 Metaspace       used 51841K, committed 53248K, reserved 1114112K
  class space    used 7202K, committed 7872K, reserved 1048576K
}
Event: 6.211 GC heap after
{Heap after GC invocations=14 (full 0):
 garbage-first heap   total 99328K, used 60483K [0x0000000080000000, 0x0000000100000000)
  region size 1024K, 5 young (5120K), 5 survivors (5120K)
 Metaspace       used 51841K, committed 53248K, reserved 1114112K
  class space    used 7202K, committed 7872K, reserved 1048576K
}
Event: 6.682 GC heap before
{Heap before GC invocations=14 (full 0):
 garbage-first heap   total 99328K, used 87107K [0x0000000080000000, 0x0000000100000000)
  region size 1024K, 31 young (31744K), 5 survivors (5120K)
 Metaspace       used 55062K, committed 56576K, reserved 1114112K
  class space    used 7745K, committed 8448K, reserved 1048576K
}
Event: 6.688 GC heap after
{Heap after GC invocations=15 (full 0):
 garbage-first heap   total 99328K, used 61876K [0x0000000080000000, 0x0000000100000000)
  region size 1024K, 2 young (2048K), 2 survivors (2048K)
 Metaspace       used 55062K, committed 56576K, reserved 1114112K
  class space    used 7745K, committed 8448K, reserved 1048576K
}
Event: 7.149 GC heap before
{Heap before GC invocations=15 (full 0):
 garbage-first heap   total 99328K, used 81332K [0x0000000080000000, 0x0000000100000000)
  region size 1024K, 22 young (22528K), 2 survivors (2048K)
 Metaspace       used 57030K, committed 58560K, reserved 1114112K
  class space    used 8088K, committed 8832K, reserved 1048576K
}
Event: 7.152 GC heap after
{Heap after GC invocations=16 (full 0):
 garbage-first heap   total 99328K, used 63197K [0x0000000080000000, 0x0000000100000000)
  region size 1024K, 3 young (3072K), 3 survivors (3072K)
 Metaspace       used 57030K, committed 58560K, reserved 1114112K
  class space    used 8088K, committed 8832K, reserved 1048576K
}
Event: 7.644 GC heap before
{Heap before GC invocations=17 (full 0):
 garbage-first heap   total 109568K, used 91869K [0x0000000080000000, 0x0000000100000000)
  region size 1024K, 30 young (30720K), 3 survivors (3072K)
 Metaspace       used 57639K, committed 59264K, reserved 1114112K
  class space    used 8157K, committed 8960K, reserved 1048576K
}
Event: 7.648 GC heap after
{Heap after GC invocations=18 (full 0):
 garbage-first heap   total 132096K, used 68660K [0x0000000080000000, 0x0000000100000000)
  region size 1024K, 4 young (4096K), 4 survivors (4096K)
 Metaspace       used 57639K, committed 59264K, reserved 1114112K
  class space    used 8157K, committed 8960K, reserved 1048576K
}
Event: 8.052 GC heap before
{Heap before GC invocations=18 (full 0):
 garbage-first heap   total 132096K, used 114740K [0x0000000080000000, 0x0000000100000000)
  region size 1024K, 49 young (50176K), 4 survivors (4096K)
 Metaspace       used 59205K, committed 60928K, reserved 1114112K
  class space    used 8374K, committed 9216K, reserved 1048576K
}
Event: 8.056 GC heap after
{Heap after GC invocations=19 (full 0):
 garbage-first heap   total 132096K, used 69949K [0x0000000080000000, 0x0000000100000000)
  region size 1024K, 5 young (5120K), 5 survivors (5120K)
 Metaspace       used 59205K, committed 60928K, reserved 1114112K
  class space    used 8374K, committed 9216K, reserved 1048576K
}
Event: 9.068 GC heap before
{Heap before GC invocations=19 (full 0):
 garbage-first heap   total 132096K, used 117053K [0x0000000080000000, 0x0000000100000000)
  region size 1024K, 51 young (52224K), 5 survivors (5120K)
 Metaspace       used 64869K, committed 66624K, reserved 1114112K
  class space    used 9200K, committed 10048K, reserved 1048576K
}
Event: 9.074 GC heap after
{Heap after GC invocations=20 (full 0):
 garbage-first heap   total 132096K, used 71828K [0x0000000080000000, 0x0000000100000000)
  region size 1024K, 4 young (4096K), 4 survivors (4096K)
 Metaspace       used 64869K, committed 66624K, reserved 1114112K
  class space    used 9200K, committed 10048K, reserved 1048576K
}
Event: 9.639 GC heap before
{Heap before GC invocations=21 (full 0):
 garbage-first heap   total 132096K, used 118932K [0x0000000080000000, 0x0000000100000000)
  region size 1024K, 50 young (51200K), 4 survivors (4096K)
 Metaspace       used 70701K, committed 72512K, reserved 1114112K
  class space    used 10123K, committed 11008K, reserved 1048576K
}
Event: 9.643 GC heap after
{Heap after GC invocations=22 (full 0):
 garbage-first heap   total 132096K, used 74234K [0x0000000080000000, 0x0000000100000000)
  region size 1024K, 6 young (6144K), 6 survivors (6144K)
 Metaspace       used 70701K, committed 72512K, reserved 1114112K
  class space    used 10123K, committed 11008K, reserved 1048576K
}
Event: 10.348 GC heap before
{Heap before GC invocations=22 (full 0):
 garbage-first heap   total 132096K, used 119290K [0x0000000080000000, 0x0000000100000000)
  region size 1024K, 51 young (52224K), 6 survivors (6144K)
 Metaspace       used 73023K, committed 74880K, reserved 1114112K
  class space    used 10451K, committed 11328K, reserved 1048576K
}
Event: 10.356 GC heap after
{Heap after GC invocations=23 (full 0):
 garbage-first heap   total 132096K, used 77817K [0x0000000080000000, 0x0000000100000000)
  region size 1024K, 7 young (7168K), 7 survivors (7168K)
 Metaspace       used 73023K, committed 74880K, reserved 1114112K
  class space    used 10451K, committed 11328K, reserved 1048576K
}
Event: 10.609 GC heap before
{Heap before GC invocations=23 (full 0):
 garbage-first heap   total 132096K, used 119801K [0x0000000080000000, 0x0000000100000000)
  region size 1024K, 49 young (50176K), 7 survivors (7168K)
 Metaspace       used 73255K, committed 75136K, reserved 1114112K
  class space    used 10452K, committed 11328K, reserved 1048576K
}
Event: 10.614 GC heap after
{Heap after GC invocations=24 (full 0):
 garbage-first heap   total 132096K, used 79412K [0x0000000080000000, 0x0000000100000000)
  region size 1024K, 2 young (2048K), 2 survivors (2048K)
 Metaspace       used 73255K, committed 75136K, reserved 1114112K
  class space    used 10452K, committed 11328K, reserved 1048576K
}

