# JRE version: OpenJDK Runtime Environment (21.0.9) (build 21.0.9+-14787801-b1163.94)
# Java VM: OpenJDK 64-Bit Server VM (21.0.9+-14787801-b1163.94, mixed mode, tiered, compressed oops, compressed class ptrs, g1 gc, windows-amd64)
GC Precious Log:
 CardTable entry size: 512
 Card Set container configuration: InlinePtr #cards 5 size 8 Array Of Cards #cards 12 size 40 Howl #buckets 4 coarsen threshold 1843 Howl Bitmap #cards 512 size 80 coarsen threshold 460 Card regions per heap region 1 cards per card region 2048
 CPUs: 8 total, 8 available
 Memory: 12093M
 Large Page Support: Disabled
 NUMA Support: Disabled
 Compressed Oops: Enabled (32-bit)
 Heap Region Size: 1M
 Heap Min Capacity: 8M
 Heap Initial Capacity: 190M
 Heap Max Capacity: 2G
 Pre-touch: Disabled
 Parallel Workers: 8
 Concurrent Workers: 2
 Concurrent Refinement Workers: 8
 Periodic GC: Disabled
Heap:
 garbage-first heap   total 162816K, used 137956K [0x0000000080000000, 0x0000000100000000)
  region size 1024K, 47 young (48128K), 5 survivors (5120K)
 Metaspace       used 109366K, committed 111680K, reserved 1179648K
  class space    used 15584K, committed 16704K, reserved 1048576K
GC Heap History (20 events):
Event: 34.873 GC heap before
{Heap before GC invocations=34 (full 0):
 garbage-first heap   total 107520K, used 94488K [0x0000000080000000, 0x0000000100000000)
  region size 1024K, 45 young (46080K), 4 survivors (4096K)
 Metaspace       used 71997K, committed 73920K, reserved 1114112K
  class space    used 10224K, committed 11136K, reserved 1048576K
}
Event: 34.879 GC heap after
{Heap after GC invocations=35 (full 0):
 garbage-first heap   total 129024K, used 56979K [0x0000000080000000, 0x0000000100000000)
  region size 1024K, 6 young (6144K), 6 survivors (6144K)
 Metaspace       used 71997K, committed 73920K, reserved 1114112K
  class space    used 10224K, committed 11136K, reserved 1048576K
}
Event: 37.062 GC heap before
{Heap before GC invocations=36 (full 0):
 garbage-first heap   total 129024K, used 127635K [0x0000000080000000, 0x0000000100000000)
  region size 1024K, 67 young (68608K), 6 survivors (6144K)
 Metaspace       used 75715K, committed 77696K, reserved 1179648K
  class space    used 10689K, committed 11648K, reserved 1048576K
}
Event: 37.070 GC heap after
{Heap after GC invocations=37 (full 0):
 garbage-first heap   total 145408K, used 75080K [0x0000000080000000, 0x0000000100000000)
  region size 1024K, 9 young (9216K), 9 survivors (9216K)
 Metaspace       used 75715K, committed 77696K, reserved 1179648K
  class space    used 10689K, committed 11648K, reserved 1048576K
}
Event: 39.516 GC heap before
{Heap before GC invocations=37 (full 0):
 garbage-first heap   total 145408K, used 134472K [0x0000000080000000, 0x0000000100000000)
  region size 1024K, 65 young (66560K), 9 survivors (9216K)
 Metaspace       used 81185K, committed 83264K, reserved 1179648K
  class space    used 11441K, committed 12416K, reserved 1048576K
}
Event: 39.523 GC heap after
{Heap after GC invocations=38 (full 0):
 garbage-first heap   total 148480K, used 79683K [0x0000000080000000, 0x0000000100000000)
  region size 1024K, 3 young (3072K), 3 survivors (3072K)
 Metaspace       used 81185K, committed 83264K, reserved 1179648K
  class space    used 11441K, committed 12416K, reserved 1048576K
}
Event: 41.764 GC heap before
{Heap before GC invocations=38 (full 0):
 garbage-first heap   total 148480K, used 123715K [0x0000000080000000, 0x0000000100000000)
  region size 1024K, 47 young (48128K), 3 survivors (3072K)
 Metaspace       used 85914K, committed 87936K, reserved 1179648K
  class space    used 12057K, committed 13056K, reserved 1048576K
}
Event: 41.768 GC heap after
{Heap after GC invocations=39 (full 0):
 garbage-first heap   total 148480K, used 83039K [0x0000000080000000, 0x0000000100000000)
  region size 1024K, 6 young (6144K), 6 survivors (6144K)
 Metaspace       used 85914K, committed 87936K, reserved 1179648K
  class space    used 12057K, committed 13056K, reserved 1048576K
}
Event: 43.473 GC heap before
{Heap before GC invocations=40 (full 0):
 garbage-first heap   total 148480K, used 142431K [0x0000000080000000, 0x0000000100000000)
  region size 1024K, 59 young (60416K), 6 survivors (6144K)
 Metaspace       used 88612K, committed 90688K, reserved 1179648K
  class space    used 12428K, committed 13376K, reserved 1048576K
}
Event: 43.479 GC heap after
{Heap after GC invocations=41 (full 0):
 garbage-first heap   total 153600K, used 88253K [0x0000000080000000, 0x0000000100000000)
  region size 1024K, 8 young (8192K), 8 survivors (8192K)
 Metaspace       used 88612K, committed 90688K, reserved 1179648K
  class space    used 12428K, committed 13376K, reserved 1048576K
}
Event: 45.559 GC heap before
{Heap before GC invocations=41 (full 0):
 garbage-first heap   total 153600K, used 140477K [0x0000000080000000, 0x0000000100000000)
  region size 1024K, 60 young (61440K), 8 survivors (8192K)
 Metaspace       used 91849K, committed 93952K, reserved 1179648K
  class space    used 12841K, committed 13824K, reserved 1048576K
}
Event: 45.566 GC heap after
{Heap after GC invocations=42 (full 0):
 garbage-first heap   total 153600K, used 88834K [0x0000000080000000, 0x0000000100000000)
  region size 1024K, 3 young (3072K), 3 survivors (3072K)
 Metaspace       used 91849K, committed 93952K, reserved 1179648K
  class space    used 12841K, committed 13824K, reserved 1048576K
}
Event: 47.372 GC heap before
{Heap before GC invocations=42 (full 0):
 garbage-first heap   total 153600K, used 142082K [0x0000000080000000, 0x0000000100000000)
  region size 1024K, 55 young (56320K), 3 survivors (3072K)
 Metaspace       used 95486K, committed 97600K, reserved 1179648K
  class space    used 13423K, committed 14464K, reserved 1048576K
}
Event: 47.377 GC heap after
{Heap after GC invocations=43 (full 0):
 garbage-first heap   total 153600K, used 90574K [0x0000000080000000, 0x0000000100000000)
  region size 1024K, 5 young (5120K), 5 survivors (5120K)
 Metaspace       used 95486K, committed 97600K, reserved 1179648K
  class space    used 13423K, committed 14464K, reserved 1048576K
}
Event: 49.500 GC heap before
{Heap before GC invocations=44 (full 0):
 garbage-first heap   total 153600K, used 142798K [0x0000000080000000, 0x0000000100000000)
  region size 1024K, 56 young (57344K), 5 survivors (5120K)
 Metaspace       used 98939K, committed 101056K, reserved 1179648K
  class space    used 14054K, committed 15040K, reserved 1048576K
}
Event: 49.505 GC heap after
{Heap after GC invocations=45 (full 0):
 garbage-first heap   total 153600K, used 92419K [0x0000000080000000, 0x0000000100000000)
  region size 1024K, 4 young (4096K), 4 survivors (4096K)
 Metaspace       used 98939K, committed 101056K, reserved 1179648K
  class space    used 14054K, committed 15040K, reserved 1048576K
}
Event: 51.310 GC heap before
{Heap before GC invocations=45 (full 0):
 garbage-first heap   total 153600K, used 144643K [0x0000000080000000, 0x0000000100000000)
  region size 1024K, 55 young (56320K), 4 survivors (4096K)
 Metaspace       used 102832K, committed 105024K, reserved 1179648K
  class space    used 14624K, committed 15680K, reserved 1048576K
}
Event: 51.315 GC heap after
{Heap after GC invocations=46 (full 0):
 garbage-first heap   total 153600K, used 93977K [0x0000000080000000, 0x0000000100000000)
  region size 1024K, 5 young (5120K), 5 survivors (5120K)
 Metaspace       used 102832K, committed 105024K, reserved 1179648K
  class space    used 14624K, committed 15680K, reserved 1048576K
}
Event: 53.186 GC heap before
{Heap before GC invocations=46 (full 0):
 garbage-first heap   total 153600K, used 144153K [0x0000000080000000, 0x0000000100000000)
  region size 1024K, 54 young (55296K), 5 survivors (5120K)
 Metaspace       used 106179K, committed 108480K, reserved 1179648K
  class space    used 15145K, committed 16256K, reserved 1048576K
}
Event: 53.192 GC heap after
{Heap after GC invocations=47 (full 0):
 garbage-first heap   total 153600K, used 95972K [0x0000000080000000, 0x0000000100000000)
  region size 1024K, 5 young (5120K), 5 survivors (5120K)
 Metaspace       used 106179K, committed 108480K, reserved 1179648K
  class space    used 15145K, committed 16256K, reserved 1048576K
}

