# JRE version: OpenJDK Runtime Environment (21.0.9) (build 21.0.9+-14787801-b1163.94)
# Java VM: OpenJDK 64-Bit Server VM (21.0.9+-14787801-b1163.94, mixed mode, tiered, compressed oops, compressed class ptrs, g1 gc, windows-amd64)
GC Precious Log:
 CardTable entry size: 512
 Card Set container configuration: InlinePtr #cards 5 size 8 Array Of Cards #cards 12 size 40 Howl #buckets 4 coarsen threshold 1843 Howl Bitmap #cards 512 size 80 coarsen threshold 460 Card regions per heap region 1 cards per card region 2048
 CPUs: 8 total, 8 available
 Memory: 12093M
 Large Page Support: Disabled
 NUMA Support: Disabled
 Compressed Oops: Enabled (32-bit)
 Heap Region Size: 1M
 Heap Min Capacity: 8M
 Heap Initial Capacity: 190M
 Heap Max Capacity: 2G
 Pre-touch: Disabled
 Parallel Workers: 8
 Concurrent Workers: 2
 Concurrent Refinement Workers: 8
 Periodic GC: Disabled
Heap:
 garbage-first heap   total 215040K, used 166938K [0x0000000080000000, 0x0000000100000000)
  region size 1024K, 40 young (40960K), 7 survivors (7168K)
 Metaspace       used 117446K, committed 119808K, reserved 1179648K
  class space    used 16630K, committed 17792K, reserved 1048576K
GC Heap History (20 events):
Event: 16.231 GC heap before
{Heap before GC invocations=34 (full 0):
 garbage-first heap   total 186368K, used 183741K [0x0000000080000000, 0x0000000100000000)
  region size 1024K, 96 young (98304K), 5 survivors (5120K)
 Metaspace       used 75057K, committed 76992K, reserved 1114112K
  class space    used 10646K, committed 11584K, reserved 1048576K
}
Event: 16.238 GC heap after
{Heap after GC invocations=35 (full 0):
 garbage-first heap   total 198656K, used 97538K [0x0000000080000000, 0x0000000100000000)
  region size 1024K, 12 young (12288K), 12 survivors (12288K)
 Metaspace       used 75057K, committed 76992K, reserved 1114112K
  class space    used 10646K, committed 11584K, reserved 1048576K
}
Event: 17.464 GC heap before
{Heap before GC invocations=35 (full 0):
 garbage-first heap   total 198656K, used 165122K [0x0000000080000000, 0x0000000100000000)
  region size 1024K, 80 young (81920K), 12 survivors (12288K)
 Metaspace       used 81020K, committed 83008K, reserved 1179648K
  class space    used 11459K, committed 12416K, reserved 1048576K
}
Event: 17.471 GC heap after
{Heap after GC invocations=36 (full 0):
 garbage-first heap   total 198656K, used 99592K [0x0000000080000000, 0x0000000100000000)
  region size 1024K, 3 young (3072K), 3 survivors (3072K)
 Metaspace       used 81020K, committed 83008K, reserved 1179648K
  class space    used 11459K, committed 12416K, reserved 1048576K
}
Event: 18.849 GC heap before
{Heap before GC invocations=37 (full 0):
 garbage-first heap   total 198656K, used 191752K [0x0000000080000000, 0x0000000100000000)
  region size 1024K, 86 young (88064K), 3 survivors (3072K)
 Metaspace       used 86694K, committed 88768K, reserved 1179648K
  class space    used 12218K, committed 13248K, reserved 1048576K
}
Event: 18.855 GC heap after
{Heap after GC invocations=38 (full 0):
 garbage-first heap   total 200704K, used 108065K [0x0000000080000000, 0x0000000100000000)
  region size 1024K, 8 young (8192K), 8 survivors (8192K)
 Metaspace       used 86694K, committed 88768K, reserved 1179648K
  class space    used 12218K, committed 13248K, reserved 1048576K
}
Event: 20.119 GC heap before
{Heap before GC invocations=38 (full 0):
 garbage-first heap   total 200704K, used 185889K [0x0000000080000000, 0x0000000100000000)
  region size 1024K, 84 young (86016K), 8 survivors (8192K)
 Metaspace       used 91374K, committed 93440K, reserved 1179648K
  class space    used 12821K, committed 13824K, reserved 1048576K
}
Event: 20.128 GC heap after
{Heap after GC invocations=39 (full 0):
 garbage-first heap   total 200704K, used 112038K [0x0000000080000000, 0x0000000100000000)
  region size 1024K, 5 young (5120K), 5 survivors (5120K)
 Metaspace       used 91374K, committed 93440K, reserved 1179648K
  class space    used 12821K, committed 13824K, reserved 1048576K
}
Event: 21.389 GC heap before
{Heap before GC invocations=39 (full 0):
 garbage-first heap   total 200704K, used 185766K [0x0000000080000000, 0x0000000100000000)
  region size 1024K, 77 young (78848K), 5 survivors (5120K)
 Metaspace       used 96164K, committed 98240K, reserved 1179648K
  class space    used 13586K, committed 14592K, reserved 1048576K
}
Event: 21.396 GC heap after
{Heap after GC invocations=40 (full 0):
 garbage-first heap   total 200704K, used 113854K [0x0000000080000000, 0x0000000100000000)
  region size 1024K, 6 young (6144K), 6 survivors (6144K)
 Metaspace       used 96164K, committed 98240K, reserved 1179648K
  class space    used 13586K, committed 14592K, reserved 1048576K
}
Event: 22.717 GC heap before
{Heap before GC invocations=41 (full 0):
 garbage-first heap   total 200704K, used 190654K [0x0000000080000000, 0x0000000100000000)
  region size 1024K, 79 young (80896K), 6 survivors (6144K)
 Metaspace       used 101072K, committed 103296K, reserved 1179648K
  class space    used 14418K, committed 15488K, reserved 1048576K
}
Event: 22.724 GC heap after
{Heap after GC invocations=42 (full 0):
 garbage-first heap   total 200704K, used 119427K [0x0000000080000000, 0x0000000100000000)
  region size 1024K, 6 young (6144K), 6 survivors (6144K)
 Metaspace       used 101072K, committed 103296K, reserved 1179648K
  class space    used 14418K, committed 15488K, reserved 1048576K
}
Event: 24.058 GC heap before
{Heap before GC invocations=42 (full 0):
 garbage-first heap   total 200704K, used 188035K [0x0000000080000000, 0x0000000100000000)
  region size 1024K, 74 young (75776K), 6 survivors (6144K)
 Metaspace       used 106219K, committed 108480K, reserved 1179648K
  class space    used 15151K, committed 16256K, reserved 1048576K
}
Event: 24.068 GC heap after
{Heap after GC invocations=43 (full 0):
 garbage-first heap   total 200704K, used 122512K [0x0000000080000000, 0x0000000100000000)
  region size 1024K, 9 young (9216K), 9 survivors (9216K)
 Metaspace       used 106219K, committed 108480K, reserved 1179648K
  class space    used 15151K, committed 16256K, reserved 1048576K
}
Event: 25.116 GC heap before
{Heap before GC invocations=43 (full 0):
 garbage-first heap   total 200704K, used 189072K [0x0000000080000000, 0x0000000100000000)
  region size 1024K, 74 young (75776K), 9 survivors (9216K)
 Metaspace       used 106220K, committed 108480K, reserved 1179648K
  class space    used 15151K, committed 16256K, reserved 1048576K
}
Event: 25.130 GC heap after
{Heap after GC invocations=44 (full 0):
 garbage-first heap   total 204800K, used 128661K [0x0000000080000000, 0x0000000100000000)
  region size 1024K, 10 young (10240K), 10 survivors (10240K)
 Metaspace       used 106220K, committed 108480K, reserved 1179648K
  class space    used 15151K, committed 16256K, reserved 1048576K
}
Event: 26.379 GC heap before
{Heap before GC invocations=45 (full 0):
 garbage-first heap   total 215040K, used 192149K [0x0000000080000000, 0x0000000100000000)
  region size 1024K, 71 young (72704K), 10 survivors (10240K)
 Metaspace       used 108867K, committed 111232K, reserved 1179648K
  class space    used 15403K, committed 16576K, reserved 1048576K
}
Event: 26.391 GC heap after
{Heap after GC invocations=46 (full 0):
 garbage-first heap   total 215040K, used 131806K [0x0000000080000000, 0x0000000100000000)
  region size 1024K, 4 young (4096K), 4 survivors (4096K)
 Metaspace       used 108867K, committed 111232K, reserved 1179648K
  class space    used 15403K, committed 16576K, reserved 1048576K
}
Event: 27.737 GC heap before
{Heap before GC invocations=46 (full 0):
 garbage-first heap   total 215040K, used 199390K [0x0000000080000000, 0x0000000100000000)
  region size 1024K, 70 young (71680K), 4 survivors (4096K)
 Metaspace       used 115179K, committed 117568K, reserved 1179648K
  class space    used 16309K, committed 17472K, reserved 1048576K
}
Event: 27.745 GC heap after
{Heap after GC invocations=47 (full 0):
 garbage-first heap   total 215040K, used 134170K [0x0000000080000000, 0x0000000100000000)
  region size 1024K, 7 young (7168K), 7 survivors (7168K)
 Metaspace       used 115179K, committed 117568K, reserved 1179648K
  class space    used 16309K, committed 17472K, reserved 1048576K
}

